Using pre-set license
Built from '2020.3/release' branch; Version is '2020.3.2f1 (8fd9074bf66c) revision 9427207'; Using compiler version '192528614'; Build Type 'Release'
OS: 'Windows 10 Pro; OS build 19042.804; Version 2009; 64bit' Language: 'es' Physical Memory: 6075 MB
BatchMode: 1, IsHumanControllingUs: 0, StartBugReporterOnCrash: 0, Is64bit: 1, IsPro: 0

 COMMAND LINE ARGUMENTS:
C:\Program Files\Unity\Hub\Editor\2020.3.2f1\Editor\Unity.exe
-adb2
-batchMode
-noUpm
-name
AssetImportWorker0
-projectPath
C:/Users/jaime/Desktop/Juegos Unity/Juegos/Shader Graph
-logFile
Logs/AssetImportWorker0.log
-srvPort
53541
Successfully changed project path to: C:/Users/jaime/Desktop/Juegos Unity/Juegos/Shader Graph
C:/Users/jaime/Desktop/Juegos Unity/Juegos/Shader Graph
Using Asset Import Pipeline V2.
Refreshing native plugins compatible for Editor in 64.44 ms, found 0 plugins.
Preloading 0 native plugins for Editor in 0.00 ms.
Initialize engine version: 2020.3.2f1 (8fd9074bf66c)
[Subsystems] Discovering subsystems at path C:/Program Files/Unity/Hub/Editor/2020.3.2f1/Editor/Data/Resources/UnitySubsystems
[Subsystems] Discovering subsystems at path C:/Users/jaime/Desktop/Juegos Unity/Juegos/Shader Graph/Assets
GfxDevice: creating device client; threaded=0
Direct3D:
    Version:  Direct3D 11.0 [level 11.1]
    Renderer: AMD Radeon(TM) Vega 8 Graphics (ID=0x15d8)
    Vendor:   
    VRAM:     3037 MB
    Driver:   27.20.1020.1
Initialize mono
Mono path[0] = 'C:/Program Files/Unity/Hub/Editor/2020.3.2f1/Editor/Data/Managed'
Mono path[1] = 'C:/Program Files/Unity/Hub/Editor/2020.3.2f1/Editor/Data/MonoBleedingEdge/lib/mono/unityjit'
Mono config path = 'C:/Program Files/Unity/Hub/Editor/2020.3.2f1/Editor/Data/MonoBleedingEdge/etc'
Using monoOptions --debugger-agent=transport=dt_socket,embedding=1,server=y,suspend=n,address=127.0.0.1:56404
Begin MonoManager ReloadAssembly
Registering precompiled unity dll's ...
Register platform support module: C:/Program Files/Unity/Hub/Editor/2020.3.2f1/Editor/Data/PlaybackEngines/WindowsStandaloneSupport/UnityEditor.WindowsStandalone.Extensions.dll
Registered in 0.005736 seconds.
Native extension for WindowsStandalone target not found
Refreshing native plugins compatible for Editor in 60.46 ms, found 0 plugins.
Preloading 0 native plugins for Editor in 0.00 ms.
Invoked RoslynAnalysisRunner static constructor.
RoslynAnalysisRunner will not be running.
RoslynAnalysisRunner has terminated.
Mono: successfully reloaded assembly
- Completed reload, in  9.252 seconds
Platform modules already initialized, skipping
Registering precompiled user dll's ...
Registered in 0.008261 seconds.
Begin MonoManager ReloadAssembly
Native extension for WindowsStandalone target not found
Refreshing native plugins compatible for Editor in 57.54 ms, found 0 plugins.
Preloading 0 native plugins for Editor in 0.00 ms.
Invoked RoslynAnalysisRunner static constructor.
RoslynAnalysisRunner will not be running.
RoslynAnalysisRunner has terminated.
Mono: successfully reloaded assembly
- Completed reload, in  1.383 seconds
Platform modules already initialized, skipping
========================================================================
Worker process is ready to serve import requests
Shader 'Universal Render Pipeline/Particles/Lit': fallback shader 'Universal Render Pipeline/Particles/SimpleLit' not found
Shader 'Universal Render Pipeline/Particles/Lit': fallback shader 'Universal Render Pipeline/Particles/SimpleLit' not found
Launched and connected shader compiler UnityShaderCompiler.exe after 0.08 seconds
Refreshing native plugins compatible for Editor in 0.76 ms, found 0 plugins.
Preloading 0 native plugins for Editor in 0.00 ms.
Unloading 2421 Unused Serialized files (Serialized files now loaded: 0)
System memory in use before: 113.5 MB.
System memory in use after: 111.2 MB.

Unloading 40 unused Assets to reduce memory usage. Loaded Objects now: 2832.
Total: 15.627500 ms (FindLiveObjects: 2.064100 ms CreateObjectMapping: 0.948100 ms MarkObjects: 9.965100 ms  DeleteObjects: 2.646000 ms)

========================================================================
Received Import Request.
  path: Assets/White.mat
  artifactKey: Guid(daca70d30ced70640a4ba6694269a6fb) Importer(815301076,1909f56bfc062723c751e8b465ee728b)
Start importing Assets/White.mat using Guid(daca70d30ced70640a4ba6694269a6fb) Importer(815301076,1909f56bfc062723c751e8b465ee728b)  -> (artifact id: '4d686a4d4b04cfdc58a4c3231f5c0c42') in 0.659690 seconds
  Import took 0.670535 seconds .

========================================================================
Received Import Request.
  Time since last request: 39.123021 seconds.
  path: Assets/Materials/Skybox_Mat.mat
  artifactKey: Guid(0ffaa0b7117ba8c47a9d05ae701d4b4d) Importer(815301076,1909f56bfc062723c751e8b465ee728b)
Start importing Assets/Materials/Skybox_Mat.mat using Guid(0ffaa0b7117ba8c47a9d05ae701d4b4d) Importer(815301076,1909f56bfc062723c751e8b465ee728b)  -> (artifact id: '058d04c3df54d5baad3b296f5ad54744') in 0.020728 seconds
  Import took 0.027715 seconds .

========================================================================
Received Import Request.
  Time since last request: 1.187586 seconds.
  path: Assets/Presets/AudioCompressedInMemory.preset
  artifactKey: Guid(2dd802e4d37c65149922028d3e973832) Importer(815301076,1909f56bfc062723c751e8b465ee728b)
Start importing Assets/Presets/AudioCompressedInMemory.preset using Guid(2dd802e4d37c65149922028d3e973832) Importer(815301076,1909f56bfc062723c751e8b465ee728b)  -> (artifact id: '2b603793a92a039d9d6f5de358c31caf') in 0.011918 seconds
  Import took 0.018232 seconds .

========================================================================
Received Import Request.
  Time since last request: 0.000238 seconds.
  path: Assets/Presets/AudioStreaming.preset
  artifactKey: Guid(86bcce7f5575b54408aa0f3a7d321039) Importer(815301076,1909f56bfc062723c751e8b465ee728b)
Start importing Assets/Presets/AudioStreaming.preset using Guid(86bcce7f5575b54408aa0f3a7d321039) Importer(815301076,1909f56bfc062723c751e8b465ee728b)  -> (artifact id: '613c6b83e04d5b0ce9778fb0872349e3') in 0.005293 seconds
  Import took 0.011302 seconds .

========================================================================
Received Import Request.
  Time since last request: 0.000272 seconds.
  path: Assets/Presets/NormalTexture.preset
  artifactKey: Guid(14a57cf3b9fa1c74b884aa7e0dcf1faa) Importer(815301076,1909f56bfc062723c751e8b465ee728b)
Start importing Assets/Presets/NormalTexture.preset using Guid(14a57cf3b9fa1c74b884aa7e0dcf1faa) Importer(815301076,1909f56bfc062723c751e8b465ee728b)  -> (artifact id: 'bb6d28ed510da37b32a524a48d19eb85') in 0.017738 seconds
  Import took 0.025194 seconds .

========================================================================
Received Import Request.
  Time since last request: 0.000297 seconds.
  path: Assets/Presets/UtilityTexture.preset
  artifactKey: Guid(45f7b2e3c78185248b3adbb14429c2ab) Importer(815301076,1909f56bfc062723c751e8b465ee728b)
Start importing Assets/Presets/UtilityTexture.preset using Guid(45f7b2e3c78185248b3adbb14429c2ab) Importer(815301076,1909f56bfc062723c751e8b465ee728b)  -> (artifact id: '10a31f34f56070bfb676fc9d8e9ca19d') in 0.009642 seconds
  Import took 0.016690 seconds .

========================================================================
Received Import Request.
  Time since last request: 5.435603 seconds.
  path: Assets/Scenes/SampleSceneLightingSettings.lighting
  artifactKey: Guid(477cc4148fad3449482a3bc3178594e2) Importer(815301076,1909f56bfc062723c751e8b465ee728b)
Start importing Assets/Scenes/SampleSceneLightingSettings.lighting using Guid(477cc4148fad3449482a3bc3178594e2) Importer(815301076,1909f56bfc062723c751e8b465ee728b)  -> (artifact id: '4576dddfbc4b68eaea4ee64ef04774be') in 0.006519 seconds
  Import took 0.012400 seconds .

========================================================================
Received Import Request.
  Time since last request: 0.016423 seconds.
  path: Assets/Scenes/SampleSceneLightingSettings.lighting
  artifactKey: Guid(477cc4148fad3449482a3bc3178594e2) Importer(815301076,1909f56bfc062723c751e8b465ee728b)
Start importing Assets/Scenes/SampleSceneLightingSettings.lighting using Guid(477cc4148fad3449482a3bc3178594e2) Importer(815301076,1909f56bfc062723c751e8b465ee728b)  -> (artifact id: '4576dddfbc4b68eaea4ee64ef04774be') in 0.004873 seconds
  Import took 0.010693 seconds .

========================================================================
Received Import Request.
  Time since last request: 5.390989 seconds.
  path: Assets/Scripts/SimpleCameraController.cs
  artifactKey: Guid(be76e5f14cfee674cb30b491fb72b09b) Importer(815301076,1909f56bfc062723c751e8b465ee728b)
Start importing Assets/Scripts/SimpleCameraController.cs using Guid(be76e5f14cfee674cb30b491fb72b09b) Importer(815301076,1909f56bfc062723c751e8b465ee728b)  -> (artifact id: '55f8fdac16313f6ea86f41cdaa3ca1a0') in 0.018533 seconds
  Import took 0.024783 seconds .

========================================================================
Received Import Request.
  Time since last request: 93.528943 seconds.
  path: Assets
  artifactKey: Guid(00000000000000001000000000000000) Importer(815301076,1909f56bfc062723c751e8b465ee728b)
Start importing Assets using Guid(00000000000000001000000000000000) Importer(815301076,1909f56bfc062723c751e8b465ee728b)  -> (artifact id: '819a33a9bd799f71faca6db75e8a216c') in 0.005794 seconds
  Import took 0.013794 seconds .

========================================================================
Received Import Request.
  Time since last request: 0.001600 seconds.
  path: Assets
  artifactKey: Guid(00000000000000001000000000000000) Importer(815301076,1909f56bfc062723c751e8b465ee728b)
Start importing Assets using Guid(00000000000000001000000000000000) Importer(815301076,1909f56bfc062723c751e8b465ee728b)  -> (artifact id: '819a33a9bd799f71faca6db75e8a216c') in 0.003524 seconds
  Import took 0.011581 seconds .

========================================================================
Received Prepare
Registering precompiled user dll's ...
Registered in 0.002223 seconds.
Begin MonoManager ReloadAssembly
Native extension for WindowsStandalone target not found
Refreshing native plugins compatible for Editor in 0.60 ms, found 0 plugins.
Preloading 0 native plugins for Editor in 0.00 ms.
Invoked RoslynAnalysisRunner static constructor.
RoslynAnalysisRunner will not be running.
RoslynAnalysisRunner has terminated.
Mono: successfully reloaded assembly
- Completed reload, in  1.230 seconds
Platform modules already initialized, skipping
Shader 'Universal Render Pipeline/Particles/Lit': fallback shader 'Universal Render Pipeline/Particles/SimpleLit' not found
Shader 'Universal Render Pipeline/Particles/Lit': fallback shader 'Universal Render Pipeline/Particles/SimpleLit' not found
Refreshing native plugins compatible for Editor in 0.57 ms, found 0 plugins.
Preloading 0 native plugins for Editor in 0.00 ms.
Unloading 2341 Unused Serialized files (Serialized files now loaded: 0)
System memory in use before: 114.9 MB.
System memory in use after: 112.6 MB.

Unloading 35 unused Assets to reduce memory usage. Loaded Objects now: 2913.
Total: 4.436700 ms (FindLiveObjects: 0.428800 ms CreateObjectMapping: 0.117600 ms MarkObjects: 2.591200 ms  DeleteObjects: 1.296600 ms)

========================================================================
Received Import Request.
  Time since last request: 25.131633 seconds.
  path: Assets/New Shader Graph.shadergraph
  artifactKey: Guid(2b688c898249a584bacd3aa6956950d1) Importer(815301076,1909f56bfc062723c751e8b465ee728b)
Start importing Assets/New Shader Graph.shadergraph using Guid(2b688c898249a584bacd3aa6956950d1) Importer(815301076,1909f56bfc062723c751e8b465ee728b)  -> (artifact id: 'c60ab25edbf165b9806a6ddd699603d5') in 0.049748 seconds
  Import took 0.057613 seconds .

========================================================================
Received Import Request.
  Time since last request: 342.952792 seconds.
  path: Assets/Settings/ForwardRenderer.asset
  artifactKey: Guid(4a8e21d5c33334b11b34a596161b9360) Importer(815301076,1909f56bfc062723c751e8b465ee728b)
Start importing Assets/Settings/ForwardRenderer.asset using Guid(4a8e21d5c33334b11b34a596161b9360) Importer(815301076,1909f56bfc062723c751e8b465ee728b)  -> (artifact id: '0e86c30da61fd48dcd173776ff16ee8c') in 0.011043 seconds
  Import took 0.017109 seconds .

========================================================================
Received Import Request.
  Time since last request: 0.021889 seconds.
  path: Assets/Settings/SampleSceneProfile.asset
  artifactKey: Guid(10fc4df2da32a41aaa32d77bc913491c) Importer(815301076,1909f56bfc062723c751e8b465ee728b)
Start importing Assets/Settings/SampleSceneProfile.asset using Guid(10fc4df2da32a41aaa32d77bc913491c) Importer(815301076,1909f56bfc062723c751e8b465ee728b)  -> (artifact id: '939d6f60f0cbf12c702b6c8a4a68da13') in 0.005930 seconds
  Import took 0.012055 seconds .

========================================================================
Received Import Request.
  Time since last request: 0.000320 seconds.
  path: Assets/Settings/UniversalRP-LowQuality.asset
  artifactKey: Guid(a31e9f9f9c9d4b9429ed0d1234e22103) Importer(815301076,1909f56bfc062723c751e8b465ee728b)
Start importing Assets/Settings/UniversalRP-LowQuality.asset using Guid(a31e9f9f9c9d4b9429ed0d1234e22103) Importer(815301076,1909f56bfc062723c751e8b465ee728b)  -> (artifact id: 'c6ee24be97af961266b1eff6010077a0') in 0.006516 seconds
  Import took 0.011456 seconds .

========================================================================
Received Import Request.
  Time since last request: 0.000994 seconds.
  path: Assets/Settings/UniversalRP-MediumQuality.asset
  artifactKey: Guid(d847b876476d3d6468f5dfcd34266f96) Importer(815301076,1909f56bfc062723c751e8b465ee728b)
Start importing Assets/Settings/UniversalRP-MediumQuality.asset using Guid(d847b876476d3d6468f5dfcd34266f96) Importer(815301076,1909f56bfc062723c751e8b465ee728b)  -> (artifact id: 'f763ac5848d70bb2c362553fc7d85482') in 0.008280 seconds
  Import took 0.014412 seconds .

========================================================================
Received Import Request.
  Time since last request: 0.000786 seconds.
  path: Assets/Settings/UniversalRP-HighQuality.asset
  artifactKey: Guid(19ba41d7c0026c3459d37c2fe90c55a0) Importer(815301076,1909f56bfc062723c751e8b465ee728b)
Start importing Assets/Settings/UniversalRP-HighQuality.asset using Guid(19ba41d7c0026c3459d37c2fe90c55a0) Importer(815301076,1909f56bfc062723c751e8b465ee728b)  -> (artifact id: '3c20af6cf8e409c1f4516ca2ed44222c') in 0.008210 seconds
  Import took 0.014155 seconds .

========================================================================
Received Import Request.
  Time since last request: 136.168652 seconds.
  path: Assets/Shaders
  artifactKey: Guid(3802bccead0969d498eab6cbba08179e) Importer(815301076,1909f56bfc062723c751e8b465ee728b)
Start importing Assets/Shaders using Guid(3802bccead0969d498eab6cbba08179e) Importer(815301076,1909f56bfc062723c751e8b465ee728b)  -> (artifact id: 'a8e9ee0caae64b837d13e7159a28f9b9') in 0.004683 seconds
  Import took 0.010189 seconds .

========================================================================
Received Import Request.
  Time since last request: 15.131570 seconds.
  path: Assets/Materials
  artifactKey: Guid(d0234ba368eeec9418390da711bfdad0) Importer(815301076,1909f56bfc062723c751e8b465ee728b)
Start importing Assets/Materials using Guid(d0234ba368eeec9418390da711bfdad0) Importer(815301076,1909f56bfc062723c751e8b465ee728b)  -> (artifact id: 'cf5a6696a581935533fe886b4fdbe084') in 0.005765 seconds
  Import took 0.012851 seconds .

========================================================================
Received Import Request.
  Time since last request: 0.000490 seconds.
  path: Assets/Materials
  artifactKey: Guid(d0234ba368eeec9418390da711bfdad0) Importer(815301076,1909f56bfc062723c751e8b465ee728b)
Start importing Assets/Materials using Guid(d0234ba368eeec9418390da711bfdad0) Importer(815301076,1909f56bfc062723c751e8b465ee728b)  -> (artifact id: 'cf5a6696a581935533fe886b4fdbe084') in 0.003886 seconds
  Import took 0.009793 seconds .

========================================================================
Received Import Request.
  Time since last request: 13.892611 seconds.
  path: Assets/Materials/Esfera.mat
  artifactKey: Guid(657abc120c1f105499689d984301a85b) Importer(815301076,1909f56bfc062723c751e8b465ee728b)
Start importing Assets/Materials/Esfera.mat using Guid(657abc120c1f105499689d984301a85b) Importer(815301076,1909f56bfc062723c751e8b465ee728b)  -> (artifact id: '27ad0cb2035e6d34d971599054f39f27') in 0.273587 seconds
  Import took 0.279791 seconds .

========================================================================
Received Import Request.
  Time since last request: 634.956674 seconds.
  path: Assets/Materials/New Shader Graph.shadergraph
  artifactKey: Guid(2b688c898249a584bacd3aa6956950d1) Importer(815301076,1909f56bfc062723c751e8b465ee728b)
Start importing Assets/Materials/New Shader Graph.shadergraph using Guid(2b688c898249a584bacd3aa6956950d1) Importer(815301076,1909f56bfc062723c751e8b465ee728b)  -> (artifact id: 'e7304f0fa7d8f53b424e01c8f9e738dc') in 0.011475 seconds
  Import took 0.019625 seconds .

========================================================================
Received Import Request.
  Time since last request: 22.230406 seconds.
  path: Assets/Materials/New Shader Graph 1.shadergraph
  artifactKey: Guid(6005559b8229c804ea9bfb76bace38c8) Importer(815301076,1909f56bfc062723c751e8b465ee728b)
Start importing Assets/Materials/New Shader Graph 1.shadergraph using Guid(6005559b8229c804ea9bfb76bace38c8) Importer(815301076,1909f56bfc062723c751e8b465ee728b)  -> (artifact id: '68160cd8560343aa66a697775e27c03d') in 0.011857 seconds
  Import took 0.018391 seconds .

========================================================================
Received Import Request.
  Time since last request: 1.920653 seconds.
  path: Assets/Materials/New Shader Graph 1.shadergraph
  artifactKey: Guid(6005559b8229c804ea9bfb76bace38c8) Importer(815301076,1909f56bfc062723c751e8b465ee728b)
Start importing Assets/Materials/New Shader Graph 1.shadergraph using Guid(6005559b8229c804ea9bfb76bace38c8) Importer(815301076,1909f56bfc062723c751e8b465ee728b)  -> (artifact id: '68160cd8560343aa66a697775e27c03d') in 0.006205 seconds
  Import took 0.015592 seconds .

========================================================================
Received Import Request.
  Time since last request: 157.747981 seconds.
  path: Assets/Materials/New Shader Graph.shadergraph
  artifactKey: Guid(2b688c898249a584bacd3aa6956950d1) Importer(815301076,1909f56bfc062723c751e8b465ee728b)
Start importing Assets/Materials/New Shader Graph.shadergraph using Guid(2b688c898249a584bacd3aa6956950d1) Importer(815301076,1909f56bfc062723c751e8b465ee728b)  -> (artifact id: 'd706ffc99b52fcc69d039741893abdb3') in 0.008853 seconds
  Import took 0.016899 seconds .

========================================================================
Received Import Request.
  Time since last request: 12.816333 seconds.
  path: Assets/Materials/Shadersphere.shadergraph
  artifactKey: Guid(2b688c898249a584bacd3aa6956950d1) Importer(815301076,1909f56bfc062723c751e8b465ee728b)
Start importing Assets/Materials/Shadersphere.shadergraph using Guid(2b688c898249a584bacd3aa6956950d1) Importer(815301076,1909f56bfc062723c751e8b465ee728b)  -> (artifact id: '76340cf78c5ff5b2c6cda73e0ac70b00') in 0.009756 seconds
  Import took 0.017247 seconds .

========================================================================
Received Import Request.
  Time since last request: 1429.766768 seconds.
  path: Assets/Materials/Shadersphere.shadergraph
  artifactKey: Guid(2b688c898249a584bacd3aa6956950d1) Importer(815301076,1909f56bfc062723c751e8b465ee728b)
Start importing Assets/Materials/Shadersphere.shadergraph using Guid(2b688c898249a584bacd3aa6956950d1) Importer(815301076,1909f56bfc062723c751e8b465ee728b)  -> (artifact id: '9c392155d8198d59e5e77d26ee24a891') in 0.035099 seconds
  Import took 0.073727 seconds .

========================================================================
Received Import Request.
  Time since last request: 0.183187 seconds.
  path: Assets/Materials/Shadersphere.shadergraph
  artifactKey: Guid(2b688c898249a584bacd3aa6956950d1) Importer(815301076,1909f56bfc062723c751e8b465ee728b)
Start importing Assets/Materials/Shadersphere.shadergraph using Guid(2b688c898249a584bacd3aa6956950d1) Importer(815301076,1909f56bfc062723c751e8b465ee728b)  -> (artifact id: '9c392155d8198d59e5e77d26ee24a891') in 0.012155 seconds
  Import took 0.023229 seconds .

========================================================================
Received Prepare
Registering precompiled user dll's ...
Registered in 0.008348 seconds.
Begin MonoManager ReloadAssembly
Native extension for WindowsStandalone target not found
Refreshing native plugins compatible for Editor in 1.01 ms, found 0 plugins.
Preloading 0 native plugins for Editor in 0.00 ms.
Invoked RoslynAnalysisRunner static constructor.
RoslynAnalysisRunner will not be running.
RoslynAnalysisRunner has terminated.
Mono: successfully reloaded assembly
- Completed reload, in  1.899 seconds
Platform modules already initialized, skipping
Shader 'Universal Render Pipeline/Particles/Lit': fallback shader 'Universal Render Pipeline/Particles/SimpleLit' not found
Shader 'Universal Render Pipeline/Particles/Lit': fallback shader 'Universal Render Pipeline/Particles/SimpleLit' not found
Refreshing native plugins compatible for Editor in 0.57 ms, found 0 plugins.
Preloading 0 native plugins for Editor in 0.00 ms.
Unloading 2343 Unused Serialized files (Serialized files now loaded: 0)
System memory in use before: 115.1 MB.
System memory in use after: 112.9 MB.

Unloading 35 unused Assets to reduce memory usage. Loaded Objects now: 2954.
Total: 5.965000 ms (FindLiveObjects: 0.392000 ms CreateObjectMapping: 0.199000 ms MarkObjects: 4.005700 ms  DeleteObjects: 1.366500 ms)

========================================================================
Received Prepare
Registering precompiled user dll's ...
Registered in 0.002076 seconds.
Begin MonoManager ReloadAssembly
Native extension for WindowsStandalone target not found
Refreshing native plugins compatible for Editor in 0.53 ms, found 0 plugins.
Preloading 0 native plugins for Editor in 0.00 ms.
[ScriptCompilation] NOT recompiling all scripts because this is an import worker process. Reason to compile was: Define symbols changed
Invoked RoslynAnalysisRunner static constructor.
RoslynAnalysisRunner will not be running.
RoslynAnalysisRunner has terminated.
Mono: successfully reloaded assembly
- Completed reload, in  1.204 seconds
Platform modules already initialized, skipping
Shader 'Universal Render Pipeline/Particles/Lit': fallback shader 'Universal Render Pipeline/Particles/SimpleLit' not found
Shader 'Universal Render Pipeline/Particles/Lit': fallback shader 'Universal Render Pipeline/Particles/SimpleLit' not found
Refreshing native plugins compatible for Editor in 0.49 ms, found 0 plugins.
Preloading 0 native plugins for Editor in 0.00 ms.
Unloading 2461 Unused Serialized files (Serialized files now loaded: 0)
System memory in use before: 123.2 MB.
System memory in use after: 118.9 MB.

Unloading 62 unused Assets to reduce memory usage. Loaded Objects now: 3050.
Total: 7.309500 ms (FindLiveObjects: 0.389900 ms CreateObjectMapping: 0.133400 ms MarkObjects: 3.335600 ms  DeleteObjects: 3.448100 ms)

========================================================================
Received Prepare
Registering precompiled user dll's ...
Registered in 0.013769 seconds.
Begin MonoManager ReloadAssembly
Native extension for WindowsStandalone target not found
Refreshing native plugins compatible for Editor in 0.51 ms, found 0 plugins.
Preloading 0 native plugins for Editor in 0.00 ms.
[ScriptCompilation] NOT recompiling all scripts because this is an import worker process. Reason to compile was: Define symbols changed
Invoked RoslynAnalysisRunner static constructor.
RoslynAnalysisRunner will not be running.
RoslynAnalysisRunner has terminated.
Mono: successfully reloaded assembly
- Completed reload, in  2.415 seconds
Platform modules already initialized, skipping
Shader 'Universal Render Pipeline/Particles/Lit': fallback shader 'Universal Render Pipeline/Particles/SimpleLit' not found
Shader 'Universal Render Pipeline/Particles/Lit': fallback shader 'Universal Render Pipeline/Particles/SimpleLit' not found
Refreshing native plugins compatible for Editor in 0.51 ms, found 0 plugins.
Preloading 0 native plugins for Editor in 0.00 ms.
Unloading 2461 Unused Serialized files (Serialized files now loaded: 0)
System memory in use before: 123.3 MB.
System memory in use after: 119.0 MB.

Unloading 62 unused Assets to reduce memory usage. Loaded Objects now: 3053.
Total: 12.680900 ms (FindLiveObjects: 0.349400 ms CreateObjectMapping: 0.096800 ms MarkObjects: 8.483600 ms  DeleteObjects: 3.747700 ms)

========================================================================
Received Prepare
Registering precompiled user dll's ...
Registered in 0.003713 seconds.
Begin MonoManager ReloadAssembly
Native extension for WindowsStandalone target not found
Refreshing native plugins compatible for Editor in 1.30 ms, found 0 plugins.
Preloading 0 native plugins for Editor in 0.00 ms.
[ScriptCompilation] NOT recompiling all scripts because this is an import worker process. Reason to compile was: Define symbols changed
Invoked RoslynAnalysisRunner static constructor.
RoslynAnalysisRunner will not be running.
RoslynAnalysisRunner has terminated.
Mono: successfully reloaded assembly
- Completed reload, in  1.424 seconds
Platform modules already initialized, skipping
Shader 'Universal Render Pipeline/Particles/Lit': fallback shader 'Universal Render Pipeline/Particles/SimpleLit' not found
Shader 'Universal Render Pipeline/Particles/Lit': fallback shader 'Universal Render Pipeline/Particles/SimpleLit' not found
Refreshing native plugins compatible for Editor in 0.49 ms, found 0 plugins.
Preloading 0 native plugins for Editor in 0.00 ms.
Unloading 2461 Unused Serialized files (Serialized files now loaded: 0)
System memory in use before: 123.2 MB.
System memory in use after: 118.9 MB.

Unloading 62 unused Assets to reduce memory usage. Loaded Objects now: 3056.
Total: 6.060400 ms (FindLiveObjects: 0.364900 ms CreateObjectMapping: 0.100000 ms MarkObjects: 2.753900 ms  DeleteObjects: 2.839300 ms)

========================================================================
Received Prepare
Registering precompiled user dll's ...
Registered in 0.002026 seconds.
Begin MonoManager ReloadAssembly
Native extension for WindowsStandalone target not found
Refreshing native plugins compatible for Editor in 60.89 ms, found 0 plugins.
Preloading 0 native plugins for Editor in 0.00 ms.
[ScriptCompilation] NOT recompiling all scripts because this is an import worker process. Reason to compile was: Define symbols changed
Invoked RoslynAnalysisRunner static constructor.
RoslynAnalysisRunner will not be running.
RoslynAnalysisRunner has terminated.
Mono: successfully reloaded assembly
- Completed reload, in  1.257 seconds
Platform modules already initialized, skipping
Shader 'Universal Render Pipeline/Particles/Lit': fallback shader 'Universal Render Pipeline/Particles/SimpleLit' not found
Shader 'Universal Render Pipeline/Particles/Lit': fallback shader 'Universal Render Pipeline/Particles/SimpleLit' not found
Refreshing native plugins compatible for Editor in 0.52 ms, found 0 plugins.
Preloading 0 native plugins for Editor in 0.00 ms.
Unloading 2985 Unused Serialized files (Serialized files now loaded: 0)
System memory in use before: 138.3 MB.
System memory in use after: 133.9 MB.

Unloading 68 unused Assets to reduce memory usage. Loaded Objects now: 3577.
Total: 5.851900 ms (FindLiveObjects: 0.426500 ms CreateObjectMapping: 0.152300 ms MarkObjects: 2.807400 ms  DeleteObjects: 2.462800 ms)

========================================================================
Received Import Request.
  Time since last request: 18892.270508 seconds.
  path: Assets/VFX
  artifactKey: Guid(b4c2e1a1d304f044a9e72ab9038216da) Importer(815301076,1909f56bfc062723c751e8b465ee728b)
Start importing Assets/VFX using Guid(b4c2e1a1d304f044a9e72ab9038216da) Importer(815301076,1909f56bfc062723c751e8b465ee728b)  -> (artifact id: 'bc268c138406e57718582d6ec73b8cf4') in 0.018985 seconds
  Import took 0.032456 seconds .

========================================================================
Received Import Request.
  Time since last request: 16.323798 seconds.
  path: Assets/VFX/Rasengan.vfx
  artifactKey: Guid(a51562a27f5333a4d84381ece69f53bc) Importer(815301076,1909f56bfc062723c751e8b465ee728b)
Start importing Assets/VFX/Rasengan.vfx using Guid(a51562a27f5333a4d84381ece69f53bc) Importer(815301076,1909f56bfc062723c751e8b465ee728b)  -> (artifact id: '95357f37bc3c70ed5ddc137c47d40e4f') in 0.043229 seconds
  Import took 0.050297 seconds .

========================================================================
Received Import Request.
  Time since last request: 106.888053 seconds.
  path: Assets/VFX/Rasengan.vfx
  artifactKey: Guid(a51562a27f5333a4d84381ece69f53bc) Importer(815301076,1909f56bfc062723c751e8b465ee728b)
Start importing Assets/VFX/Rasengan.vfx using Guid(a51562a27f5333a4d84381ece69f53bc) Importer(815301076,1909f56bfc062723c751e8b465ee728b)  -> (artifact id: '74b2e0fbf89f2b596935d4d7a6b8d350') in 0.005864 seconds
  Import took 0.017054 seconds .

========================================================================
Received Import Request.
  Time since last request: 0.017281 seconds.
  path: Assets/VFX/Rasengan.vfx
  artifactKey: Guid(a51562a27f5333a4d84381ece69f53bc) Importer(815301076,1909f56bfc062723c751e8b465ee728b)
Start importing Assets/VFX/Rasengan.vfx using Guid(a51562a27f5333a4d84381ece69f53bc) Importer(815301076,1909f56bfc062723c751e8b465ee728b)  -> (artifact id: '74b2e0fbf89f2b596935d4d7a6b8d350') in 0.005260 seconds
  Import took 0.012077 seconds .

========================================================================
Received Import Request.
  Time since last request: 314.038962 seconds.
  path: Assets/VFX/Rasengan.vfx
  artifactKey: Guid(a51562a27f5333a4d84381ece69f53bc) Importer(815301076,1909f56bfc062723c751e8b465ee728b)
Start importing Assets/VFX/Rasengan.vfx using Guid(a51562a27f5333a4d84381ece69f53bc) Importer(815301076,1909f56bfc062723c751e8b465ee728b)  -> (artifact id: '796015430bce439b692b52fda2a7b84c') in 0.011796 seconds
  Import took 0.018606 seconds .

========================================================================
Received Import Request.
  Time since last request: 100.747125 seconds.
  path: Assets/VFX/Rasengan.vfx
  artifactKey: Guid(a51562a27f5333a4d84381ece69f53bc) Importer(815301076,1909f56bfc062723c751e8b465ee728b)
Start importing Assets/VFX/Rasengan.vfx using Guid(a51562a27f5333a4d84381ece69f53bc) Importer(815301076,1909f56bfc062723c751e8b465ee728b)  -> (artifact id: 'b7dd94e366e7685fa4354b6e4b47a78d') in 0.005240 seconds
  Import took 0.012148 seconds .

========================================================================
Received Import Request.
  Time since last request: 58.671893 seconds.
  path: Assets/VFX/Rasengan.vfx
  artifactKey: Guid(a51562a27f5333a4d84381ece69f53bc) Importer(815301076,1909f56bfc062723c751e8b465ee728b)
Start importing Assets/VFX/Rasengan.vfx using Guid(a51562a27f5333a4d84381ece69f53bc) Importer(815301076,1909f56bfc062723c751e8b465ee728b)  -> (artifact id: 'ea42a666f265d6cac4c983679db524e0') in 0.011763 seconds
  Import took 0.020694 seconds .

========================================================================
Received Import Request.
  Time since last request: 110.731511 seconds.
  path: Assets/VFX/Rasengan.vfx
  artifactKey: Guid(a51562a27f5333a4d84381ece69f53bc) Importer(815301076,1909f56bfc062723c751e8b465ee728b)
Start importing Assets/VFX/Rasengan.vfx using Guid(a51562a27f5333a4d84381ece69f53bc) Importer(815301076,1909f56bfc062723c751e8b465ee728b)  -> (artifact id: 'a6db024a542657c9577ee4d26b8d6c4e') in 0.008630 seconds
  Import took 0.016577 seconds .

========================================================================
Received Import Request.
  Time since last request: 0.029163 seconds.
  path: Assets/VFX/Rasengan.vfx
  artifactKey: Guid(a51562a27f5333a4d84381ece69f53bc) Importer(815301076,1909f56bfc062723c751e8b465ee728b)
Start importing Assets/VFX/Rasengan.vfx using Guid(a51562a27f5333a4d84381ece69f53bc) Importer(815301076,1909f56bfc062723c751e8b465ee728b)  -> (artifact id: 'a6db024a542657c9577ee4d26b8d6c4e') in 0.008809 seconds
  Import took 0.015199 seconds .

========================================================================
Received Import Request.
  Time since last request: 20.094725 seconds.
  path: Assets/VFX/Rasengan.vfx
  artifactKey: Guid(a51562a27f5333a4d84381ece69f53bc) Importer(815301076,1909f56bfc062723c751e8b465ee728b)
Start importing Assets/VFX/Rasengan.vfx using Guid(a51562a27f5333a4d84381ece69f53bc) Importer(815301076,1909f56bfc062723c751e8b465ee728b)  -> (artifact id: '3a0706cd9d8e405fad2186c4bd5c5481') in 0.008812 seconds
  Import took 0.014332 seconds .

========================================================================
Received Import Request.
  Time since last request: 19.498058 seconds.
  path: Assets/VFX/Rasengan.vfx
  artifactKey: Guid(a51562a27f5333a4d84381ece69f53bc) Importer(815301076,1909f56bfc062723c751e8b465ee728b)
Start importing Assets/VFX/Rasengan.vfx using Guid(a51562a27f5333a4d84381ece69f53bc) Importer(815301076,1909f56bfc062723c751e8b465ee728b)  -> (artifact id: 'd5d59edd3ad1c265096b4efe39a6b7fd') in 0.005115 seconds
  Import took 0.012649 seconds .

========================================================================
Received Import Request.
  Time since last request: 12.506412 seconds.
  path: Assets/VFX/Rasengan.vfx
  artifactKey: Guid(a51562a27f5333a4d84381ece69f53bc) Importer(815301076,1909f56bfc062723c751e8b465ee728b)
Start importing Assets/VFX/Rasengan.vfx using Guid(a51562a27f5333a4d84381ece69f53bc) Importer(815301076,1909f56bfc062723c751e8b465ee728b)  -> (artifact id: 'a65ef4efc44d29f7963e90403e04176c') in 0.007213 seconds
  Import took 0.014179 seconds .

========================================================================
Received Import Request.
  Time since last request: 14.909957 seconds.
  path: Assets/VFX/Rasengan.vfx
  artifactKey: Guid(a51562a27f5333a4d84381ece69f53bc) Importer(815301076,1909f56bfc062723c751e8b465ee728b)
Start importing Assets/VFX/Rasengan.vfx using Guid(a51562a27f5333a4d84381ece69f53bc) Importer(815301076,1909f56bfc062723c751e8b465ee728b)  -> (artifact id: 'd694ec97495f0f72e58e81ef7896e529') in 0.006252 seconds
  Import took 0.012677 seconds .

========================================================================
Received Import Request.
  Time since last request: 77.818390 seconds.
  path: Assets/VFX/Rasengan.vfx
  artifactKey: Guid(a51562a27f5333a4d84381ece69f53bc) Importer(815301076,1909f56bfc062723c751e8b465ee728b)
Start importing Assets/VFX/Rasengan.vfx using Guid(a51562a27f5333a4d84381ece69f53bc) Importer(815301076,1909f56bfc062723c751e8b465ee728b)  -> (artifact id: '47d687859a522cc17c7d1bb9592ceb2f') in 0.520843 seconds
  Import took 0.874234 seconds .

========================================================================
Received Import Request.
  Time since last request: 5.081962 seconds.
  path: Assets/VFX/Rasengan.vfx
  artifactKey: Guid(a51562a27f5333a4d84381ece69f53bc) Importer(815301076,1909f56bfc062723c751e8b465ee728b)
Start importing Assets/VFX/Rasengan.vfx using Guid(a51562a27f5333a4d84381ece69f53bc) Importer(815301076,1909f56bfc062723c751e8b465ee728b)  -> (artifact id: 'ae05e0f3178e404cd9fb96493890905b') in 0.827531 seconds
  Import took 1.159157 seconds .

========================================================================
Received Import Request.
  Time since last request: 8.375585 seconds.
  path: Assets/VFX/Rasengan.vfx
  artifactKey: Guid(a51562a27f5333a4d84381ece69f53bc) Importer(815301076,1909f56bfc062723c751e8b465ee728b)
Start importing Assets/VFX/Rasengan.vfx using Guid(a51562a27f5333a4d84381ece69f53bc) Importer(815301076,1909f56bfc062723c751e8b465ee728b)  -> (artifact id: '61986dafef6080f4dfc2d39600624107') in 0.007439 seconds
  Import took 0.020400 seconds .

========================================================================
Received Import Request.
  Time since last request: 1.846035 seconds.
  path: Assets/VFX/Rasengan.vfx
  artifactKey: Guid(a51562a27f5333a4d84381ece69f53bc) Importer(815301076,1909f56bfc062723c751e8b465ee728b)
Start importing Assets/VFX/Rasengan.vfx using Guid(a51562a27f5333a4d84381ece69f53bc) Importer(815301076,1909f56bfc062723c751e8b465ee728b)  -> (artifact id: '11c76aff39dd5b379c95ef327ef1fc06') in 0.010276 seconds
  Import took 0.017735 seconds .

========================================================================
Received Import Request.
  Time since last request: 86.677070 seconds.
  path: Assets/VFX/Rasengan.vfx
  artifactKey: Guid(a51562a27f5333a4d84381ece69f53bc) Importer(815301076,1909f56bfc062723c751e8b465ee728b)
Start importing Assets/VFX/Rasengan.vfx using Guid(a51562a27f5333a4d84381ece69f53bc) Importer(815301076,1909f56bfc062723c751e8b465ee728b)  -> (artifact id: 'c63ba1ed676d37e76cdc1cbb29de6e4e') in 0.005918 seconds
  Import took 0.014346 seconds .

========================================================================
Received Import Request.
  Time since last request: 7.653502 seconds.
  path: Assets/VFX/Rasengan.vfx
  artifactKey: Guid(a51562a27f5333a4d84381ece69f53bc) Importer(815301076,1909f56bfc062723c751e8b465ee728b)
Start importing Assets/VFX/Rasengan.vfx using Guid(a51562a27f5333a4d84381ece69f53bc) Importer(815301076,1909f56bfc062723c751e8b465ee728b)  -> (artifact id: '95f342e9e3c4714d61ba1538bdc4e465') in 0.004506 seconds
  Import took 0.010953 seconds .

========================================================================
Received Import Request.
  Time since last request: 54.789263 seconds.
  path: Assets/VFX/Rasengan.vfx
  artifactKey: Guid(a51562a27f5333a4d84381ece69f53bc) Importer(815301076,1909f56bfc062723c751e8b465ee728b)
Start importing Assets/VFX/Rasengan.vfx using Guid(a51562a27f5333a4d84381ece69f53bc) Importer(815301076,1909f56bfc062723c751e8b465ee728b)  -> (artifact id: 'e265befe0c6592cdf1411d8dcba236bf') in 0.014495 seconds
  Import took 0.022504 seconds .

========================================================================
Received Import Request.
  Time since last request: 162.981054 seconds.
  path: Assets/VFX/Rasengan.vfx
  artifactKey: Guid(a51562a27f5333a4d84381ece69f53bc) Importer(815301076,1909f56bfc062723c751e8b465ee728b)
Start importing Assets/VFX/Rasengan.vfx using Guid(a51562a27f5333a4d84381ece69f53bc) Importer(815301076,1909f56bfc062723c751e8b465ee728b)  -> (artifact id: '3cfed8d671c64ea5310f67788352db5a') in 0.007290 seconds
  Import took 0.017931 seconds .

========================================================================
Received Import Request.
  Time since last request: 0.032277 seconds.
  path: Assets/VFX/Rasengan.vfx
  artifactKey: Guid(a51562a27f5333a4d84381ece69f53bc) Importer(815301076,1909f56bfc062723c751e8b465ee728b)
Start importing Assets/VFX/Rasengan.vfx using Guid(a51562a27f5333a4d84381ece69f53bc) Importer(815301076,1909f56bfc062723c751e8b465ee728b)  -> (artifact id: '3cfed8d671c64ea5310f67788352db5a') in 0.009367 seconds
  Import took 0.017671 seconds .

========================================================================
Received Import Request.
  Time since last request: 3.406966 seconds.
  path: Assets/VFX/Rasengan.vfx
  artifactKey: Guid(a51562a27f5333a4d84381ece69f53bc) Importer(815301076,1909f56bfc062723c751e8b465ee728b)
Start importing Assets/VFX/Rasengan.vfx using Guid(a51562a27f5333a4d84381ece69f53bc) Importer(815301076,1909f56bfc062723c751e8b465ee728b)  -> (artifact id: 'd95d89858ed94ca2d7ce1f9c17f3f8a2') in 0.009200 seconds
  Import took 0.018029 seconds .

========================================================================
Received Import Request.
  Time since last request: 51.069882 seconds.
  path: Assets/VFX/Rasengan.vfx
  artifactKey: Guid(a51562a27f5333a4d84381ece69f53bc) Importer(815301076,1909f56bfc062723c751e8b465ee728b)
Start importing Assets/VFX/Rasengan.vfx using Guid(a51562a27f5333a4d84381ece69f53bc) Importer(815301076,1909f56bfc062723c751e8b465ee728b)  -> (artifact id: '872552f393b5461511b43315f4475bb1') in 0.008907 seconds
  Import took 0.019259 seconds .

========================================================================
Received Import Request.
  Time since last request: 92.049333 seconds.
  path: Assets/VFX/Rasengan.vfx
  artifactKey: Guid(a51562a27f5333a4d84381ece69f53bc) Importer(815301076,1909f56bfc062723c751e8b465ee728b)
Start importing Assets/VFX/Rasengan.vfx using Guid(a51562a27f5333a4d84381ece69f53bc) Importer(815301076,1909f56bfc062723c751e8b465ee728b)  -> (artifact id: 'bf5ed44e3e7ab86295f9da3d4169c11b') in 0.014481 seconds
  Import took 0.024222 seconds .

========================================================================
Received Import Request.
  Time since last request: 0.017753 seconds.
  path: Assets/VFX/Rasengan.vfx
  artifactKey: Guid(a51562a27f5333a4d84381ece69f53bc) Importer(815301076,1909f56bfc062723c751e8b465ee728b)
Start importing Assets/VFX/Rasengan.vfx using Guid(a51562a27f5333a4d84381ece69f53bc) Importer(815301076,1909f56bfc062723c751e8b465ee728b)  -> (artifact id: 'bf5ed44e3e7ab86295f9da3d4169c11b') in 0.007977 seconds
  Import took 0.016908 seconds .

========================================================================
Received Import Request.
  Time since last request: 8.502446 seconds.
  path: Assets/VFX/Rasengan.vfx
  artifactKey: Guid(a51562a27f5333a4d84381ece69f53bc) Importer(815301076,1909f56bfc062723c751e8b465ee728b)
Start importing Assets/VFX/Rasengan.vfx using Guid(a51562a27f5333a4d84381ece69f53bc) Importer(815301076,1909f56bfc062723c751e8b465ee728b)  -> (artifact id: '99c5db027a5bc26aaa6b19157ae9507b') in 0.028711 seconds
  Import took 0.038619 seconds .

========================================================================
Received Import Request.
  Time since last request: 11.735064 seconds.
  path: Assets/VFX/Rasengan.vfx
  artifactKey: Guid(a51562a27f5333a4d84381ece69f53bc) Importer(815301076,1909f56bfc062723c751e8b465ee728b)
Start importing Assets/VFX/Rasengan.vfx using Guid(a51562a27f5333a4d84381ece69f53bc) Importer(815301076,1909f56bfc062723c751e8b465ee728b)  -> (artifact id: 'a1ba98ac9bd0147ff42d6c07bf7160d1') in 0.270731 seconds
  Import took 0.284609 seconds .

========================================================================
Received Import Request.
  Time since last request: 10.898322 seconds.
  path: Assets/VFX/Rasengan.vfx
  artifactKey: Guid(a51562a27f5333a4d84381ece69f53bc) Importer(815301076,1909f56bfc062723c751e8b465ee728b)
Start importing Assets/VFX/Rasengan.vfx using Guid(a51562a27f5333a4d84381ece69f53bc) Importer(815301076,1909f56bfc062723c751e8b465ee728b)  -> (artifact id: '32eb99b46d79c90662b411bc02321ec0') in 0.010576 seconds
  Import took 0.017979 seconds .

========================================================================
Received Import Request.
  Time since last request: 119.149554 seconds.
  path: Assets/VFX/Rasengan.vfx
  artifactKey: Guid(a51562a27f5333a4d84381ece69f53bc) Importer(815301076,1909f56bfc062723c751e8b465ee728b)
Start importing Assets/VFX/Rasengan.vfx using Guid(a51562a27f5333a4d84381ece69f53bc) Importer(815301076,1909f56bfc062723c751e8b465ee728b)  -> (artifact id: '5e156be73dfa8d51e08d0eb46763854e') in 0.011597 seconds
  Import took 0.019359 seconds .

========================================================================
Received Import Request.
  Time since last request: 25.509636 seconds.
  path: Assets/VFX/Rasengan.vfx
  artifactKey: Guid(a51562a27f5333a4d84381ece69f53bc) Importer(815301076,1909f56bfc062723c751e8b465ee728b)
Start importing Assets/VFX/Rasengan.vfx using Guid(a51562a27f5333a4d84381ece69f53bc) Importer(815301076,1909f56bfc062723c751e8b465ee728b)  -> (artifact id: '332cf1d9b1c19a75d158511598e33ac7') in 0.009127 seconds
  Import took 0.024471 seconds .

========================================================================
Received Import Request.
  Time since last request: 102.406128 seconds.
  path: Assets/VFX/Rasengan.vfx
  artifactKey: Guid(a51562a27f5333a4d84381ece69f53bc) Importer(815301076,1909f56bfc062723c751e8b465ee728b)
Start importing Assets/VFX/Rasengan.vfx using Guid(a51562a27f5333a4d84381ece69f53bc) Importer(815301076,1909f56bfc062723c751e8b465ee728b)  -> (artifact id: 'ec358a8a4d249772ad8f9d7df086c165') in 0.013386 seconds
  Import took 0.022221 seconds .

========================================================================
Received Import Request.
  Time since last request: 0.020103 seconds.
  path: Assets/VFX/Rasengan.vfx
  artifactKey: Guid(a51562a27f5333a4d84381ece69f53bc) Importer(815301076,1909f56bfc062723c751e8b465ee728b)
Start importing Assets/VFX/Rasengan.vfx using Guid(a51562a27f5333a4d84381ece69f53bc) Importer(815301076,1909f56bfc062723c751e8b465ee728b)  -> (artifact id: 'ec358a8a4d249772ad8f9d7df086c165') in 0.007151 seconds
  Import took 0.015092 seconds .

========================================================================
Received Import Request.
  Time since last request: 10.481999 seconds.
  path: Assets/VFX/Rasengan.vfx
  artifactKey: Guid(a51562a27f5333a4d84381ece69f53bc) Importer(815301076,1909f56bfc062723c751e8b465ee728b)
Start importing Assets/VFX/Rasengan.vfx using Guid(a51562a27f5333a4d84381ece69f53bc) Importer(815301076,1909f56bfc062723c751e8b465ee728b)  -> (artifact id: '3b6d35790bd63afc0e6c5b939c42c3db') in 0.010793 seconds
  Import took 0.018530 seconds .

========================================================================
Received Import Request.
  Time since last request: 10.699633 seconds.
  path: Assets/VFX/Rasengan.vfx
  artifactKey: Guid(a51562a27f5333a4d84381ece69f53bc) Importer(815301076,1909f56bfc062723c751e8b465ee728b)
Start importing Assets/VFX/Rasengan.vfx using Guid(a51562a27f5333a4d84381ece69f53bc) Importer(815301076,1909f56bfc062723c751e8b465ee728b)  -> (artifact id: '4079576600b8f36c6b73a456b615d015') in 0.008189 seconds
  Import took 0.015857 seconds .

========================================================================
Received Import Request.
  Time since last request: 90.215219 seconds.
  path: Assets/VFX/Rasengan.vfx
  artifactKey: Guid(a51562a27f5333a4d84381ece69f53bc) Importer(815301076,1909f56bfc062723c751e8b465ee728b)
Start importing Assets/VFX/Rasengan.vfx using Guid(a51562a27f5333a4d84381ece69f53bc) Importer(815301076,1909f56bfc062723c751e8b465ee728b)  -> (artifact id: '347bf9c71c4020fa2bca28b70fa8006b') in 0.023437 seconds
  Import took 0.037006 seconds .

========================================================================
Received Import Request.
  Time since last request: 5.118165 seconds.
  path: Assets/VFX/Rasengan.vfx
  artifactKey: Guid(a51562a27f5333a4d84381ece69f53bc) Importer(815301076,1909f56bfc062723c751e8b465ee728b)
Start importing Assets/VFX/Rasengan.vfx using Guid(a51562a27f5333a4d84381ece69f53bc) Importer(815301076,1909f56bfc062723c751e8b465ee728b)  -> (artifact id: 'a426ea86f63bb79df81039771e47b6f8') in 0.005503 seconds
  Import took 0.013682 seconds .

========================================================================
Received Import Request.
  Time since last request: 0.036796 seconds.
  path: Assets/VFX/Rasengan.vfx
  artifactKey: Guid(a51562a27f5333a4d84381ece69f53bc) Importer(815301076,1909f56bfc062723c751e8b465ee728b)
Start importing Assets/VFX/Rasengan.vfx using Guid(a51562a27f5333a4d84381ece69f53bc) Importer(815301076,1909f56bfc062723c751e8b465ee728b)  -> (artifact id: 'a426ea86f63bb79df81039771e47b6f8') in 0.005012 seconds
  Import took 0.011502 seconds .

========================================================================
Received Import Request.
  Time since last request: 12.454875 seconds.
  path: Assets/VFX/Rasengan.vfx
  artifactKey: Guid(a51562a27f5333a4d84381ece69f53bc) Importer(815301076,1909f56bfc062723c751e8b465ee728b)
Start importing Assets/VFX/Rasengan.vfx using Guid(a51562a27f5333a4d84381ece69f53bc) Importer(815301076,1909f56bfc062723c751e8b465ee728b)  -> (artifact id: '566ef3b806de4f72d0e79bd239926c6a') in 0.006548 seconds
  Import took 0.014936 seconds .

========================================================================
Received Import Request.
  Time since last request: 0.011752 seconds.
  path: Assets/VFX/Rasengan.vfx
  artifactKey: Guid(a51562a27f5333a4d84381ece69f53bc) Importer(815301076,1909f56bfc062723c751e8b465ee728b)
Start importing Assets/VFX/Rasengan.vfx using Guid(a51562a27f5333a4d84381ece69f53bc) Importer(815301076,1909f56bfc062723c751e8b465ee728b)  -> (artifact id: '566ef3b806de4f72d0e79bd239926c6a') in 0.009786 seconds
  Import took 0.016708 seconds .

========================================================================
Received Import Request.
  Time since last request: 29.924735 seconds.
  path: Assets/VFX/Rasengan.vfx
  artifactKey: Guid(a51562a27f5333a4d84381ece69f53bc) Importer(815301076,1909f56bfc062723c751e8b465ee728b)
Start importing Assets/VFX/Rasengan.vfx using Guid(a51562a27f5333a4d84381ece69f53bc) Importer(815301076,1909f56bfc062723c751e8b465ee728b)  -> (artifact id: '59259147b7727796068f8dd7429912b3') in 0.008159 seconds
  Import took 0.017654 seconds .

========================================================================
Received Import Request.
  Time since last request: 78.471135 seconds.
  path: ProjectSettings/TagManager.asset
  artifactKey: Guid(00000000000000003000000000000000) Importer(815301076,1909f56bfc062723c751e8b465ee728b)
Start importing ProjectSettings/TagManager.asset using Guid(00000000000000003000000000000000) Importer(815301076,1909f56bfc062723c751e8b465ee728b)  -> (artifact id: 'ed16127c336242b7ffc2c300d7e3e1da') in 0.045769 seconds
  Import took 0.054686 seconds .

========================================================================
Received Import Request.
  Time since last request: 107.501304 seconds.
  path: Assets/VFX/Rasengan.vfx
  artifactKey: Guid(a51562a27f5333a4d84381ece69f53bc) Importer(815301076,1909f56bfc062723c751e8b465ee728b)
Start importing Assets/VFX/Rasengan.vfx using Guid(a51562a27f5333a4d84381ece69f53bc) Importer(815301076,1909f56bfc062723c751e8b465ee728b)  -> (artifact id: '95172da9b00384d0c03f277803dfa157') in 0.012582 seconds
  Import took 0.020271 seconds .

========================================================================
Received Import Request.
  Time since last request: 109.622728 seconds.
  path: Assets/VFX/Rasengan.vfx
  artifactKey: Guid(a51562a27f5333a4d84381ece69f53bc) Importer(815301076,1909f56bfc062723c751e8b465ee728b)
Start importing Assets/VFX/Rasengan.vfx using Guid(a51562a27f5333a4d84381ece69f53bc) Importer(815301076,1909f56bfc062723c751e8b465ee728b)  -> (artifact id: '3aeb1427e55b937625a86cb0b83080c7') in 0.015293 seconds
  Import took 0.023619 seconds .

========================================================================
Received Import Request.
  Time since last request: 10.319499 seconds.
  path: Assets/VFX/Rasengan.vfx
  artifactKey: Guid(a51562a27f5333a4d84381ece69f53bc) Importer(815301076,1909f56bfc062723c751e8b465ee728b)
Start importing Assets/VFX/Rasengan.vfx using Guid(a51562a27f5333a4d84381ece69f53bc) Importer(815301076,1909f56bfc062723c751e8b465ee728b)  -> (artifact id: '0bb305d6cd8fc76414603e82766fa816') in 0.010440 seconds
  Import took 0.019280 seconds .

========================================================================
Received Import Request.
  Time since last request: 186.829448 seconds.
  path: Assets/VFX/Rasengan.vfx
  artifactKey: Guid(a51562a27f5333a4d84381ece69f53bc) Importer(815301076,1909f56bfc062723c751e8b465ee728b)
Start importing Assets/VFX/Rasengan.vfx using Guid(a51562a27f5333a4d84381ece69f53bc) Importer(815301076,1909f56bfc062723c751e8b465ee728b)  -> (artifact id: 'a78ef9b0d1ad45a46a430f7b7c98be56') in 0.011385 seconds
  Import took 0.023843 seconds .

========================================================================
Received Import Request.
  Time since last request: 0.029756 seconds.
  path: Assets/VFX/Rasengan.vfx
  artifactKey: Guid(a51562a27f5333a4d84381ece69f53bc) Importer(815301076,1909f56bfc062723c751e8b465ee728b)
Start importing Assets/VFX/Rasengan.vfx using Guid(a51562a27f5333a4d84381ece69f53bc) Importer(815301076,1909f56bfc062723c751e8b465ee728b)  -> (artifact id: 'a78ef9b0d1ad45a46a430f7b7c98be56') in 0.010269 seconds
  Import took 0.019448 seconds .

========================================================================
Received Import Request.
  Time since last request: 23.906828 seconds.
  path: Assets/VFX/Rasengan Chido.vfx
  artifactKey: Guid(7244efb41717afe409d2352cdf27b7dd) Importer(815301076,1909f56bfc062723c751e8b465ee728b)
Start importing Assets/VFX/Rasengan Chido.vfx using Guid(7244efb41717afe409d2352cdf27b7dd) Importer(815301076,1909f56bfc062723c751e8b465ee728b)  -> (artifact id: 'e991599632defd780e21f9e0b1c60691') in 0.014439 seconds
  Import took 0.026007 seconds .

========================================================================
Received Import Request.
  Time since last request: 0.581237 seconds.
  path: Assets/VFX/Rasengan Chido.vfx
  artifactKey: Guid(7244efb41717afe409d2352cdf27b7dd) Importer(815301076,1909f56bfc062723c751e8b465ee728b)
Start importing Assets/VFX/Rasengan Chido.vfx using Guid(7244efb41717afe409d2352cdf27b7dd) Importer(815301076,1909f56bfc062723c751e8b465ee728b)  -> (artifact id: 'da57e8666d86903a6f2e64d30bca4423') in 0.007038 seconds
  Import took 0.016052 seconds .

========================================================================
Received Prepare
Registering precompiled user dll's ...
Registered in 0.004686 seconds.
Begin MonoManager ReloadAssembly
Native extension for WindowsStandalone target not found
Refreshing native plugins compatible for Editor in 0.96 ms, found 0 plugins.
Preloading 0 native plugins for Editor in 0.00 ms.
Invoked RoslynAnalysisRunner static constructor.
RoslynAnalysisRunner will not be running.
RoslynAnalysisRunner has terminated.
Mono: successfully reloaded assembly
- Completed reload, in  2.342 seconds
Platform modules already initialized, skipping
Shader 'Universal Render Pipeline/Particles/Lit': fallback shader 'Universal Render Pipeline/Particles/SimpleLit' not found
Shader 'Universal Render Pipeline/Particles/Lit': fallback shader 'Universal Render Pipeline/Particles/SimpleLit' not found
Refreshing native plugins compatible for Editor in 2.67 ms, found 0 plugins.
Preloading 0 native plugins for Editor in 0.00 ms.
Unloading 2985 Unused Serialized files (Serialized files now loaded: 0)
System memory in use before: 138.5 MB.
System memory in use after: 134.0 MB.

Unloading 69 unused Assets to reduce memory usage. Loaded Objects now: 3580.
Total: 12.692600 ms (FindLiveObjects: 2.906600 ms CreateObjectMapping: 0.298900 ms MarkObjects: 5.869400 ms  DeleteObjects: 3.612900 ms)

========================================================================
Received Import Request.
  Time since last request: 4973.441652 seconds.
  path: Assets/VFX/Rasengan Chido.vfx
  artifactKey: Guid(7244efb41717afe409d2352cdf27b7dd) Importer(815301076,1909f56bfc062723c751e8b465ee728b)
Start importing Assets/VFX/Rasengan Chido.vfx using Guid(7244efb41717afe409d2352cdf27b7dd) Importer(815301076,1909f56bfc062723c751e8b465ee728b)  -> (artifact id: '6b7d482e982246d676eb10061e286e0a') in 1.137435 seconds
  Import took 2.052160 seconds .

========================================================================
Received Import Request.
  Time since last request: 82.424376 seconds.
  path: Assets/VFX/Rasengan Chido.vfx
  artifactKey: Guid(7244efb41717afe409d2352cdf27b7dd) Importer(815301076,1909f56bfc062723c751e8b465ee728b)
Start importing Assets/VFX/Rasengan Chido.vfx using Guid(7244efb41717afe409d2352cdf27b7dd) Importer(815301076,1909f56bfc062723c751e8b465ee728b)  -> (artifact id: 'e86c248a6c24ba92094e3dac4234d26e') in 0.010703 seconds
  Import took 0.023413 seconds .

========================================================================
Received Import Request.
  Time since last request: 96.020496 seconds.
  path: Assets/VFX/Rasengan Chido.vfx
  artifactKey: Guid(7244efb41717afe409d2352cdf27b7dd) Importer(815301076,1909f56bfc062723c751e8b465ee728b)
Start importing Assets/VFX/Rasengan Chido.vfx using Guid(7244efb41717afe409d2352cdf27b7dd) Importer(815301076,1909f56bfc062723c751e8b465ee728b)  -> (artifact id: '6b13740aa4c10a00292d0935ee405c41') in 0.010549 seconds
  Import took 0.042384 seconds .

AssetImportWorkerClient::OnTransportError - code=2 error=End of file
