Using pre-set license
Built from '2020.3/release' branch; Version is '2020.3.2f1 (8fd9074bf66c) revision 9427207'; Using compiler version '192528614'; Build Type 'Release'
OS: 'Windows 10 Pro; OS build 19042.804; Version 2009; 64bit' Language: 'es' Physical Memory: 6075 MB
BatchMode: 1, IsHumanControllingUs: 0, StartBugReporterOnCrash: 0, Is64bit: 1, IsPro: 0

 COMMAND LINE ARGUMENTS:
C:\Program Files\Unity\Hub\Editor\2020.3.2f1\Editor\Unity.exe
-adb2
-batchMode
-noUpm
-name
AssetImportWorker0
-projectPath
C:/Users/jaime/Desktop/Juegos Unity/Juegos/Shader Graph
-logFile
Logs/AssetImportWorker0.log
-srvPort
50804
Successfully changed project path to: C:/Users/jaime/Desktop/Juegos Unity/Juegos/Shader Graph
C:/Users/jaime/Desktop/Juegos Unity/Juegos/Shader Graph
Using Asset Import Pipeline V2.
Refreshing native plugins compatible for Editor in 133.22 ms, found 0 plugins.
Preloading 0 native plugins for Editor in 0.00 ms.
Initialize engine version: 2020.3.2f1 (8fd9074bf66c)
[Subsystems] Discovering subsystems at path C:/Program Files/Unity/Hub/Editor/2020.3.2f1/Editor/Data/Resources/UnitySubsystems
[Subsystems] Discovering subsystems at path C:/Users/jaime/Desktop/Juegos Unity/Juegos/Shader Graph/Assets
GfxDevice: creating device client; threaded=0
Direct3D:
    Version:  Direct3D 11.0 [level 11.1]
    Renderer: AMD Radeon(TM) Vega 8 Graphics (ID=0x15d8)
    Vendor:   
    VRAM:     3037 MB
    Driver:   27.20.1020.1
Initialize mono
Mono path[0] = 'C:/Program Files/Unity/Hub/Editor/2020.3.2f1/Editor/Data/Managed'
Mono path[1] = 'C:/Program Files/Unity/Hub/Editor/2020.3.2f1/Editor/Data/MonoBleedingEdge/lib/mono/unityjit'
Mono config path = 'C:/Program Files/Unity/Hub/Editor/2020.3.2f1/Editor/Data/MonoBleedingEdge/etc'
Using monoOptions --debugger-agent=transport=dt_socket,embedding=1,server=y,suspend=n,address=127.0.0.1:56036
Begin MonoManager ReloadAssembly
Registering precompiled unity dll's ...
Register platform support module: C:/Program Files/Unity/Hub/Editor/2020.3.2f1/Editor/Data/PlaybackEngines/WindowsStandaloneSupport/UnityEditor.WindowsStandalone.Extensions.dll
Registered in 0.005263 seconds.
Native extension for WindowsStandalone target not found
Refreshing native plugins compatible for Editor in 61.04 ms, found 0 plugins.
Preloading 0 native plugins for Editor in 0.00 ms.
Invoked RoslynAnalysisRunner static constructor.
RoslynAnalysisRunner will not be running.
RoslynAnalysisRunner has terminated.
Mono: successfully reloaded assembly
- Completed reload, in 10.558 seconds
Platform modules already initialized, skipping
Registering precompiled user dll's ...
Registered in 0.007325 seconds.
Begin MonoManager ReloadAssembly
Native extension for WindowsStandalone target not found
Refreshing native plugins compatible for Editor in 58.56 ms, found 0 plugins.
Preloading 0 native plugins for Editor in 0.00 ms.
Invoked RoslynAnalysisRunner static constructor.
RoslynAnalysisRunner will not be running.
RoslynAnalysisRunner has terminated.
Mono: successfully reloaded assembly
- Completed reload, in  2.171 seconds
Platform modules already initialized, skipping
========================================================================
Worker process is ready to serve import requests
Shader 'Universal Render Pipeline/Particles/Lit': fallback shader 'Universal Render Pipeline/Particles/SimpleLit' not found
Shader 'Universal Render Pipeline/Particles/Lit': fallback shader 'Universal Render Pipeline/Particles/SimpleLit' not found
Launched and connected shader compiler UnityShaderCompiler.exe after 0.13 seconds
Refreshing native plugins compatible for Editor in 1.26 ms, found 0 plugins.
Preloading 0 native plugins for Editor in 0.00 ms.
Unloading 2421 Unused Serialized files (Serialized files now loaded: 0)
System memory in use before: 113.0 MB.
System memory in use after: 110.2 MB.

Unloading 45 unused Assets to reduce memory usage. Loaded Objects now: 2827.
Total: 5.533900 ms (FindLiveObjects: 0.468100 ms CreateObjectMapping: 0.070700 ms MarkObjects: 2.648700 ms  DeleteObjects: 2.344600 ms)

========================================================================
Received Import Request.
  path: Assets/Readme.asset
  artifactKey: Guid(83c2ed844a8c74b779a4c823d16594b1) Importer(815301076,1909f56bfc062723c751e8b465ee728b)
Start importing Assets/Readme.asset using Guid(83c2ed844a8c74b779a4c823d16594b1) Importer(815301076,1909f56bfc062723c751e8b465ee728b)  -> (artifact id: '76da366aee205517589073b18f08326b') in 0.114624 seconds
  Import took 0.628912 seconds .

========================================================================
Received Import Request.
  Time since last request: 38.312641 seconds.
  path: Assets/Scenes
  artifactKey: Guid(9ff14f549a36f1b448c1be163ea67a63) Importer(815301076,1909f56bfc062723c751e8b465ee728b)
Start importing Assets/Scenes using Guid(9ff14f549a36f1b448c1be163ea67a63) Importer(815301076,1909f56bfc062723c751e8b465ee728b)  -> (artifact id: '04d7a22fade804409e90df1ce1b7aeec') in 0.004481 seconds
  Import took 0.010334 seconds .

========================================================================
Received Import Request.
  Time since last request: 8.751556 seconds.
  path: Assets/Scenes/MainScene.unity
  artifactKey: Guid(7cd482c7016a6854181a9e230b553031) Importer(815301076,1909f56bfc062723c751e8b465ee728b)
Start importing Assets/Scenes/MainScene.unity using Guid(7cd482c7016a6854181a9e230b553031) Importer(815301076,1909f56bfc062723c751e8b465ee728b)  -> (artifact id: 'a7071f6d21482367d31e3867827dcad9') in 0.003640 seconds
  Import took 0.008211 seconds .

========================================================================
Received Import Request.
  Time since last request: 37.037982 seconds.
  path: Assets/Scenes/SampleScene.unity
  artifactKey: Guid(d1c3109bdb54ad54c8a2b2838528e640) Importer(815301076,1909f56bfc062723c751e8b465ee728b)
Start importing Assets/Scenes/SampleScene.unity using Guid(d1c3109bdb54ad54c8a2b2838528e640) Importer(815301076,1909f56bfc062723c751e8b465ee728b)  -> (artifact id: 'ac93e4a534e27344f955f06fd45787a0') in 0.005303 seconds
  Import took 0.013358 seconds .

========================================================================
Received Import Request.
  Time since last request: 268.852818 seconds.
  path: Assets/New Terrain.asset
  artifactKey: Guid(557756e579cacaf44945c866fcc590c3) Importer(815301076,1909f56bfc062723c751e8b465ee728b)
Start importing Assets/New Terrain.asset using Guid(557756e579cacaf44945c866fcc590c3) Importer(815301076,1909f56bfc062723c751e8b465ee728b)  -> (artifact id: '3faae46a25679898da37fe8d6130faf4') in 0.185728 seconds
  Import took 0.206692 seconds .

========================================================================
Received Import Request.
  Time since last request: 458.331691 seconds.
  path: Assets/White.mat
  artifactKey: Guid(daca70d30ced70640a4ba6694269a6fb) Importer(815301076,1909f56bfc062723c751e8b465ee728b)
Start importing Assets/White.mat using Guid(daca70d30ced70640a4ba6694269a6fb) Importer(815301076,1909f56bfc062723c751e8b465ee728b)  -> (artifact id: '8e1c7da6aed3c6c615c870d92788da4b') in 0.506396 seconds
  Import took 0.512340 seconds .

========================================================================
Received Prepare
Registering precompiled user dll's ...
Registered in 0.010110 seconds.
Begin MonoManager ReloadAssembly
Native extension for WindowsStandalone target not found
Refreshing native plugins compatible for Editor in 0.84 ms, found 0 plugins.
Preloading 0 native plugins for Editor in 0.00 ms.
Invoked RoslynAnalysisRunner static constructor.
RoslynAnalysisRunner will not be running.
RoslynAnalysisRunner has terminated.
Mono: successfully reloaded assembly
- Completed reload, in  3.466 seconds
Platform modules already initialized, skipping
Shader 'Universal Render Pipeline/Particles/Lit': fallback shader 'Universal Render Pipeline/Particles/SimpleLit' not found
Shader 'Universal Render Pipeline/Particles/Lit': fallback shader 'Universal Render Pipeline/Particles/SimpleLit' not found
Refreshing native plugins compatible for Editor in 1.19 ms, found 0 plugins.
Preloading 0 native plugins for Editor in 0.00 ms.
Unloading 2351 Unused Serialized files (Serialized files now loaded: 0)
System memory in use before: 116.5 MB.
System memory in use after: 114.9 MB.

Unloading 28 unused Assets to reduce memory usage. Loaded Objects now: 2927.
Total: 19.596200 ms (FindLiveObjects: 0.631800 ms CreateObjectMapping: 0.071500 ms MarkObjects: 16.707600 ms  DeleteObjects: 2.182700 ms)

